<?xml version="1.0" encoding="UTF-8"?>
<!-- Generated by org.testng.reporters.JUnitReportReporter -->
<testsuite hostname="EricsLaptop" failures="0" tests="4" name="dataProviderTest.ParamTest" time="17.304" errors="0" timestamp="2023-12-09T15:29:22 CST" skipped="0">
  <testcase classname="dataProviderTest.ParamTest" name="testLog" time="4.304"/>
  <testcase classname="dataProviderTest.ParamTest" name="testLog" time="4.443"/>
  <testcase classname="dataProviderTest.ParamTest" name="verifyHp" time="4.655"/>
  <testcase classname="dataProviderTest.ParamTest" name="verifyHp" time="3.902"/>
</testsuite> <!-- dataProviderTest.ParamTest -->
