<?xml version="1.0" encoding="UTF-8"?>
<!-- Generated by org.testng.reporters.JUnitReportReporter -->
<testsuite hostname="EricsLaptop" failures="0" tests="4" name="utilities.DataProviderDemo" time="2.024" errors="0" timestamp="2023-12-06T13:17:54 CST" skipped="0">
  <testcase classname="utilities.DataProviderDemo" name="testLogin" time="1.012"/>
  <testcase classname="utilities.DataProviderDemo" name="testLogin" time="0.366"/>
  <testcase classname="utilities.DataProviderDemo" name="testLogin" time="0.327"/>
  <testcase classname="utilities.DataProviderDemo" name="testLogin" time="0.319"/>
</testsuite> <!-- utilities.DataProviderDemo -->
