<?xml version="1.0" encoding="UTF-8"?>
<!-- Generated by org.testng.reporters.JUnitReportReporter -->
<testsuite hostname="EricsLaptop" failures="0" tests="10" name="dataProviderTest.InvocationCountDemo" time="0.013" errors="0" timestamp="2023-12-09T15:34:05 CST" skipped="0">
  <testcase classname="dataProviderTest.InvocationCountDemo" name="test" time="0.000"/>
  <testcase classname="dataProviderTest.InvocationCountDemo" name="test" time="0.000"/>
  <testcase classname="dataProviderTest.InvocationCountDemo" name="test" time="0.000"/>
  <testcase classname="dataProviderTest.InvocationCountDemo" name="test" time="0.001"/>
  <testcase classname="dataProviderTest.InvocationCountDemo" name="test" time="0.001"/>
  <testcase classname="dataProviderTest.InvocationCountDemo" name="test" time="0.001"/>
  <testcase classname="dataProviderTest.InvocationCountDemo" name="test" time="0.001"/>
  <testcase classname="dataProviderTest.InvocationCountDemo" name="test" time="0.001"/>
  <testcase classname="dataProviderTest.InvocationCountDemo" name="test" time="0.008"/>
  <testcase classname="dataProviderTest.InvocationCountDemo" name="test" time="0.000"/>
</testsuite> <!-- dataProviderTest.InvocationCountDemo -->
